0 silly argv { _: [ 'version' ], lernaVersion: '6.6.2', '$0': 'lerna' }
1 notice cli v6.6.2
2 verbose rootPath /Users/whz/Desktop/code/前端架构师/code/whz-cli-dev
3 info current version 0.0.0
4 silly isAnythingCommitted
5 verbose isAnythingCommitted 1
6 silly getCurrentBranch
7 verbose currentBranch main
8 silly remoteBranchExists
9 silly isBehindUpstream
10 error Error: Command failed with exit code 1: git remote update
10 error fatal: unable to access 'https://github.com/w312011343/whz-cli-dev.git/': Failed to connect to github.com port 443 after 75031 ms: Couldn't connect to server
10 error error: Could not fetch origin
10 error Fetching origin
10 error     at makeError (/usr/local/lib/node_modules/lerna/node_modules/execa/lib/error.js:59:11)
10 error     at module.exports.sync (/usr/local/lib/node_modules/lerna/node_modules/execa/index.js:186:17)
10 error     at Object.execSync (/usr/local/lib/node_modules/lerna/node_modules/@lerna/child-process/index.js:39:16)
10 error     at updateRemote (/usr/local/lib/node_modules/lerna/dist/cli.js:5910:22)
10 error     at isBehindUpstream (/usr/local/lib/node_modules/lerna/dist/cli.js:5900:7)
10 error     at VersionCommand.initialize (/usr/local/lib/node_modules/lerna/dist/cli.js:6235:57)
